Arguments: 
  C:\Program Files\nodejs\node.exe C:\Program Files (x86)\Yarn\bin\yarn.js dev

PATH: 
  C:\Program Files\Git\mingw64\bin;C:\Program Files\Git\usr\bin;C:\Users\zming\bin;C:\Program Files (x86)\NetSarang\Xshell 6;C:\Program Files (x86)\NetSarang\Xftp 6;C:\WINDOWS\system32;C:\WINDOWS;C:\WINDOWS\System32\Wbem;C:\WINDOWS\System32\WindowsPowerShell\v1.0;C:\WINDOWS\System32\OpenSSH;C:\Program Files\Microsoft SQL Server\Client SDK\ODBC\110\Tools\Binn;C:\Program Files (x86)\Microsoft SQL Server\120\Tools\Binn;C:\Program Files\Microsoft SQL Server\120\Tools\Binn;C:\Program Files\Microsoft SQL Server\120\DTS\Binn;C:\Program Files (x86)\Windows Kits\8.1\Windows Performance Toolkit;C:\Program Files\nodejs;C:\ProgramData\chocolatey\bin;C:\Program Files (x86)\Lua\5.1;C:\Program Files (x86)\Lua\5.1\clibs;C:\Program Files\PuTTY;C:\Program Files\Git\cmd;C:\Program Files\Git\mingw64\bin;C:\Program Files\Git\usr\bin;C:\Program Files\Docker\Docker\resources\bin;C:\ProgramData\DockerDesktop\version-bin;C:\Program Files (x86)\Yarn\bin;C:\Program Files\MySQL\MySQL Shell 8.0\bin;C:\Users\zming\AppData\Local\Programs\Python\Python36-32\Scripts;C:\Users\zming\AppData\Local\Programs\Python\Python36-32;C:\Users\zming\AppData\Local\Microsoft\WindowsApps;C:\Users\zming\AppData\Local\Programs\Microsoft VS Code\bin;C:\Program Files\Bandizip;C:\Users\zming\AppData\Roaming\npm;F:\wamp\bin\mysql\mysql5.6.12;C:\Users\zming\AppData\Local\Yarn\bin

Yarn version: 
  1.22.0

Node version: 
  11.14.0

Platform: 
  win32 x64

Trace: 
  SyntaxError: F:\education\webpack-simple\package.json: Unexpected string in JSON at position 359
      at JSON.parse (<anonymous>)
      at C:\Program Files (x86)\Yarn\lib\cli.js:1625:59
      at Generator.next (<anonymous>)
      at step (C:\Program Files (x86)\Yarn\lib\cli.js:310:30)
      at C:\Program Files (x86)\Yarn\lib\cli.js:321:13

npm manifest: 
  {
    "name": "eduaction-online",
    "description": "在线教育题库",
    "version": "1.0.0",
    "author": "cloudXA",
    "license": "MIT",
    "private": true,
    "scripts": {
      "dev": "cross-env NODE_ENV=development webpack-dev-server --open --hot",
      "build": "cross-env NODE_ENV=production webpack --progress --hide-modules",
      "lint": "eslint --ext .js,.vue src"
      "test": "npm run lint"
    },
    "dependencies": {
      "vue": "^2.5.11"
    },
    "browserslist": [
      "> 1%",
      "last 2 versions",
      "not ie <= 8"
    ],
    "devDependencies": {
      "babel-core": "^6.26.0",
      "babel-eslint": "^10.1.0",
      "babel-loader": "^7.1.2",
      "babel-preset-env": "^1.6.0",
      "babel-preset-stage-3": "^6.24.1",
      "cross-env": "^5.0.5",
      "css-loader": "^0.28.7",
      "eslint": "^6.8.0",
      "eslint-config-standard": "^14.1.0",
      "eslint-friendly-formatter": "^4.0.1",
      "eslint-loader": "^3.0.3",
      "eslint-plugin-html": "^6.0.0",
      "eslint-plugin-promise": "^4.2.1",
      "eslint-plugin-standard": "^4.0.1",
      "file-loader": "^1.1.4",
      "node-sass": "^4.13.1",
      "sass-loader": "^6.0.6",
      "vue-loader": "^13.0.5",
      "vue-template-compiler": "^2.4.4",
      "webpack": "^3.6.0",
      "webpack-dev-server": "^2.9.1"
    }
  }

yarn manifest: 
  No manifest

Lockfile: 
  No lockfile
